#
# There is insufficient memory for the Java Runtime Environment to continue.
# Native memory allocation (mmap) failed to map 266338304 bytes for Failed to commit area from 0x0000000702000000 to 0x0000000711e00000 of length 266338304.
# Possible reasons:
#   The system is out of physical RAM or swap space
#   The process is running with CompressedOops enabled, and the Java Heap may be blocking the growth of the native heap
# Possible solutions:
#   Reduce memory load on the system
#   Increase physical memory or swap space
#   Check if swap backing store is full
#   Decrease Java heap size (-Xmx/-Xms)
#   Decrease number of Java threads
#   Decrease Java thread stack sizes (-Xss)
#   Set larger code cache with -XX:ReservedCodeCacheSize=
#   JVM is running with Zero Based Compressed Oops mode in which the Java heap is
#     placed in the first 32GB address space. The Java Heap base address is the
#     maximum limit for the native heap growth. Please use -XX:HeapBaseMinAddress
#     to set the Java Heap base and to place the Java Heap above 32GB virtual address.
# This output file may be truncated or incomplete.
#
#  Out of Memory Error (./open/src/hotspot/os/windows/os_windows.cpp:3315), pid=14252, tid=18920
#
# JRE version:  (14.0.2+12) (build )
# Java VM: OpenJDK 64-Bit Server VM (14.0.2+12-46, mixed mode, sharing, tiered, compressed oops, g1 gc, windows-amd64)
# No core dump will be written. Minidumps are not enabled by default on client versions of Windows
#

---------------  S U M M A R Y ------------

Command Line: -Dfile.encoding=Cp1252 -XX:+ShowCodeDetailsInExceptionMessages com.revature.controller.BicycleAppController

Host: Intel(R) Core(TM) i7-6700HQ CPU @ 2.60GHz, 8 cores, 15G,  Windows 10 , 64 bit Build 18362 (10.0.18362.1110)
Time: Mon Nov 23 20:14:33 2020 Eastern Standard Time elapsed time: 0 seconds (0d 0h 0m 0s)

---------------  T H R E A D  ---------------

Current thread (0x000001b3e3d89000):  JavaThread "Unknown thread" [_thread_in_vm, id=18920, stack(0x00000078ad900000,0x00000078ada00000)]

Stack: [0x00000078ad900000,0x00000078ada00000]
Native frames: (J=compiled Java code, j=interpreted, Vv=VM code, C=native code)
V  [jvm.dll+0x5f8a9a]
V  [jvm.dll+0x74247a]
V  [jvm.dll+0x743c2f]
V  [jvm.dll+0x744273]
V  [jvm.dll+0x20d288]
V  [jvm.dll+0x5f5dea]
V  [jvm.dll+0x5eac45]
V  [jvm.dll+0x2c7e9c]
V  [jvm.dll+0x2c7cd2]
V  [jvm.dll+0x2cdbbc]
V  [jvm.dll+0x313fe8]
V  [jvm.dll+0x313710]
V  [jvm.dll+0x2a092a]
V  [jvm.dll+0x2a1a79]
V  [jvm.dll+0x71fd48]
V  [jvm.dll+0x321c14]
V  [jvm.dll+0x70112c]
V  [jvm.dll+0x392def]
V  [jvm.dll+0x394e61]
C  [jli.dll+0x524b]
C  [ucrtbase.dll+0x210b2]
C  [KERNEL32.DLL+0x17c24]
C  [ntdll.dll+0x6d4d1]


---------------  P R O C E S S  ---------------

Threads class SMR info:
_java_thread_list=0x00007ffa0c613038, length=0, elements={
}

Java Threads: ( => current thread )

Other Threads:
  0x000001b3e3def800 GCTaskThread "GC Thread#0" [stack: 0x00000078ada00000,0x00000078adb00000] [id=13736]
  0x000001b3e3e12800 ConcurrentGCThread "G1 Main Marker" [stack: 0x00000078adb00000,0x00000078adc00000] [id=14184]
  0x000001b3e3e14800 ConcurrentGCThread "G1 Conc#0" [stack: 0x00000078adc00000,0x00000078add00000] [id=2812]

[error occurred during error reporting (printing all threads), id 0xc0000005, EXCEPTION_ACCESS_VIOLATION (0xc0000005) at pc=0x00007ffa0be41257]

VM state:not at safepoint (not fully initialized)

VM Mutex/Monitor currently owned by a thread:  ([mutex/lock_event])
[0x000001b3e3d85d00] Heap_lock - owner thread: 0x000001b3e3d89000

Heap address: 0x0000000702000000, size: 4064 MB, Compressed Oops mode: Zero based, Oop shift amount: 3
Narrow klass base: 0x0000000000000000, Narrow klass shift: 0

GC Heap History (0 events):
No events

Deoptimization events (0 events):
No events

Classes unloaded (0 events):
No events

Classes redefined (0 events):
No events

Internal exceptions (0 events):
No events

Events (2 events):
Event: 0.011 Loaded shared library C:\Users\Admin\.p2\pool\plugins\org.eclipse.justj.openjdk.hotspot.jre.full.win32.x86_64_14.0.2.v20200815-0932\jre\bin\java.dll
Event: 0.011 Loaded shared library C:\Users\Admin\.p2\pool\plugins\org.eclipse.justj.openjdk.hotspot.jre.full.win32.x86_64_14.0.2.v20200815-0932\jre\bin\zip.dll


Dynamic libraries:
0x00007ff7c2360000 - 0x00007ff7c236d000 	C:\Users\Admin\.p2\pool\plugins\org.eclipse.justj.openjdk.hotspot.jre.full.win32.x86_64_14.0.2.v20200815-0932\jre\bin\javaw.exe
0x00007ffa674a0000 - 0x00007ffa67690000 	C:\WINDOWS\SYSTEM32\ntdll.dll
0x00007ffa66440000 - 0x00007ffa664f2000 	C:\WINDOWS\System32\KERNEL32.DLL
0x00007ffa64640000 - 0x00007ffa648e5000 	C:\WINDOWS\System32\KERNELBASE.dll
0x00007ffa64a90000 - 0x00007ffa64b8a000 	C:\WINDOWS\System32\ucrtbase.dll
0x00007ffa4da70000 - 0x00007ffa4da85000 	C:\Users\Admin\.p2\pool\plugins\org.eclipse.justj.openjdk.hotspot.jre.full.win32.x86_64_14.0.2.v20200815-0932\jre\bin\VCRUNTIME140.dll
0x00007ffa4da90000 - 0x00007ffa4daa8000 	C:\Users\Admin\.p2\pool\plugins\org.eclipse.justj.openjdk.hotspot.jre.full.win32.x86_64_14.0.2.v20200815-0932\jre\bin\jli.dll
0x00007ffa67220000 - 0x00007ffa673b4000 	C:\WINDOWS\System32\USER32.dll
0x00007ffa654c0000 - 0x00007ffa654e1000 	C:\WINDOWS\System32\win32u.dll
0x00007ffa4d600000 - 0x00007ffa4d884000 	C:\WINDOWS\WinSxS\amd64_microsoft.windows.common-controls_6595b64144ccf1df_6.0.18362.1198_none_9e820b57e45ad92f\COMCTL32.dll
0x00007ffa67000000 - 0x00007ffa67026000 	C:\WINDOWS\System32\GDI32.dll
0x00007ffa673c0000 - 0x00007ffa6745e000 	C:\WINDOWS\System32\msvcrt.dll
0x00007ffa644a0000 - 0x00007ffa64636000 	C:\WINDOWS\System32\gdi32full.dll
0x00007ffa649f0000 - 0x00007ffa64a8e000 	C:\WINDOWS\System32\msvcp_win.dll
0x00007ffa66cc0000 - 0x00007ffa66ff5000 	C:\WINDOWS\System32\combase.dll
0x00007ffa65a20000 - 0x00007ffa65b40000 	C:\WINDOWS\System32\RPCRT4.dll
0x00007ffa65550000 - 0x00007ffa655d0000 	C:\WINDOWS\System32\bcryptPrimitives.dll
0x00007ffa671f0000 - 0x00007ffa6721e000 	C:\WINDOWS\System32\IMM32.DLL
0x00007ffa45170000 - 0x00007ffa4520b000 	C:\Users\Admin\.p2\pool\plugins\org.eclipse.justj.openjdk.hotspot.jre.full.win32.x86_64_14.0.2.v20200815-0932\jre\bin\msvcp140.dll
0x00007ffa0bb90000 - 0x00007ffa0c6ae000 	C:\Users\Admin\.p2\pool\plugins\org.eclipse.justj.openjdk.hotspot.jre.full.win32.x86_64_14.0.2.v20200815-0932\jre\bin\server\jvm.dll
0x00007ffa65970000 - 0x00007ffa65a13000 	C:\WINDOWS\System32\ADVAPI32.dll
0x00007ffa66b60000 - 0x00007ffa66bf7000 	C:\WINDOWS\System32\sechost.dll
0x00007ffa65cc0000 - 0x00007ffa65cc8000 	C:\WINDOWS\System32\PSAPI.DLL
0x00007ffa4e0a0000 - 0x00007ffa4e0a9000 	C:\WINDOWS\SYSTEM32\WSOCK32.dll
0x00007ffa61a00000 - 0x00007ffa61a24000 	C:\WINDOWS\SYSTEM32\WINMM.dll
0x00007ffa5da40000 - 0x00007ffa5da4a000 	C:\WINDOWS\SYSTEM32\VERSION.dll
0x00007ffa66680000 - 0x00007ffa666ef000 	C:\WINDOWS\System32\WS2_32.dll
0x00007ffa618f0000 - 0x00007ffa6191d000 	C:\WINDOWS\SYSTEM32\winmmbase.dll
0x00007ffa65470000 - 0x00007ffa654ba000 	C:\WINDOWS\System32\cfgmgr32.dll
0x00007ffa643e0000 - 0x00007ffa643f1000 	C:\WINDOWS\System32\kernel.appcore.dll
0x00007ffa61ce0000 - 0x00007ffa61cea000 	C:\Users\Admin\.p2\pool\plugins\org.eclipse.justj.openjdk.hotspot.jre.full.win32.x86_64_14.0.2.v20200815-0932\jre\bin\jimage.dll
0x00007ffa62cc0000 - 0x00007ffa62eb4000 	C:\WINDOWS\SYSTEM32\DBGHELP.DLL
0x00007ffa553a0000 - 0x00007ffa553ca000 	C:\WINDOWS\SYSTEM32\dbgcore.DLL
0x00007ffa578e0000 - 0x00007ffa57905000 	C:\Users\Admin\.p2\pool\plugins\org.eclipse.justj.openjdk.hotspot.jre.full.win32.x86_64_14.0.2.v20200815-0932\jre\bin\java.dll
0x00007ffa602f0000 - 0x00007ffa60306000 	C:\Users\Admin\.p2\pool\plugins\org.eclipse.justj.openjdk.hotspot.jre.full.win32.x86_64_14.0.2.v20200815-0932\jre\bin\zip.dll

dbghelp: loaded successfully - version: 4.0.5 - missing functions: none
symbol engine: initialized successfully - sym options: 0x614 - pdb path: .;C:\Users\Admin\.p2\pool\plugins\org.eclipse.justj.openjdk.hotspot.jre.full.win32.x86_64_14.0.2.v20200815-0932\jre\bin;C:\WINDOWS\SYSTEM32;C:\WINDOWS\WinSxS\amd64_microsoft.windows.common-controls_6595b64144ccf1df_6.0.18362.1198_none_9e820b57e45ad92f;C:\Users\Admin\.p2\pool\plugins\org.eclipse.justj.openjdk.hotspot.jre.full.win32.x86_64_14.0.2.v20200815-0932\jre\bin\server

VM Arguments:
jvm_args: -Dfile.encoding=Cp1252 -XX:+ShowCodeDetailsInExceptionMessages 
java_command: com.revature.controller.BicycleAppController
java_class_path (initial): C:\Users\Admin\Desktop\bicycle-redux\target\classes;C:\Users\Admin\Downloads\postgresql-42.2.18.jar
Launcher Type: SUN_STANDARD

[Global flags]
     intx CICompilerCount                          = 4                                         {product} {ergonomic}
     uint ConcGCThreads                            = 2                                         {product} {ergonomic}
     uint G1ConcRefinementThreads                  = 8                                         {product} {ergonomic}
   size_t G1HeapRegionSize                         = 1048576                                   {product} {ergonomic}
    uintx GCDrainStackTargetSize                   = 64                                        {product} {ergonomic}
   size_t InitialHeapSize                          = 266338304                                 {product} {ergonomic}
   size_t MarkStackSize                            = 4194304                                   {product} {ergonomic}
   size_t MaxHeapSize                              = 4261412864                                {product} {ergonomic}
   size_t MinHeapDeltaBytes                        = 1048576                                   {product} {ergonomic}
   size_t MinHeapSize                              = 8388608                                   {product} {ergonomic}
    uintx NonNMethodCodeHeapSize                   = 5839372                                {pd product} {ergonomic}
    uintx NonProfiledCodeHeapSize                  = 122909434                              {pd product} {ergonomic}
    uintx ProfiledCodeHeapSize                     = 122909434                              {pd product} {ergonomic}
    uintx ReservedCodeCacheSize                    = 251658240                              {pd product} {ergonomic}
     bool SegmentedCodeCache                       = true                                      {product} {ergonomic}
     bool ShowCodeDetailsInExceptionMessages       = true                                   {manageable} {command line}
   size_t SoftMaxHeapSize                          = 4261412864                             {manageable} {ergonomic}
     bool UseCompressedClassPointers               = true                                 {lp64_product} {ergonomic}
     bool UseCompressedOops                        = true                                 {lp64_product} {ergonomic}
     bool UseG1GC                                  = true                                      {product} {ergonomic}
     bool UseLargePagesIndividualAllocation        = false                                  {pd product} {ergonomic}

Logging:
Log output configuration:
 #0: stdout all=warning uptime,level,tags
 #1: stderr all=off uptime,level,tags

Environment Variables:
PATH=C:/Users/Admin/.p2/pool/plugins/org.eclipse.justj.openjdk.hotspot.jre.full.win32.x86_64_14.0.2.v20200815-0932/jre/bin/server;C:/Users/Admin/.p2/pool/plugins/org.eclipse.justj.openjdk.hotspot.jre.full.win32.x86_64_14.0.2.v20200815-0932/jre/bin;C:\Program Files (x86)\Common Files\Oracle\Java\javapath;C:\Program Files\Intel\iCLS Client\;C:\windows\system32;C:\windows;C:\windows\System32\Wbem;C:\windows\System32\WindowsPowerShell\v1.0\;C:\Program Files (x86)\NVIDIA Corporation\PhysX\Common;C:\WINDOWS\system32;C:\WINDOWS;C:\WINDOWS\System32\Wbem;C:\WINDOWS\System32\WindowsPowerShell\v1.0\;C:\WINDOWS\System32\OpenSSH\;C:\Program Files (x86)\Intel\Intel(R) Management Engine Components\DAL;C:\Program Files\Intel\Intel(R) Management Engine Components\DAL;C:\Program Files\Git\cmd;C:\Users\Admin\AppData\Local\Microsoft\WindowsApps;;C:\WINDOWS\System32;
USERNAME=Admin
OS=Windows_NT
PROCESSOR_IDENTIFIER=Intel64 Family 6 Model 94 Stepping 3, GenuineIntel



---------------  S Y S T E M  ---------------

OS: Windows 10 , 64 bit Build 18362 (10.0.18362.1110)
OS uptime: 1 days 9:50 hours

CPU:total 8 (initial active 8) (4 cores per cpu, 2 threads per core) family 6 model 94 stepping 3, cmov, cx8, fxsr, mmx, sse, sse2, sse3, ssse3, sse4.1, sse4.2, popcnt, avx, avx2, aes, clmul, erms, rtm, 3dnowpref, lzcnt, ht, tsc, tscinvbit, bmi1, bmi2, adx, fma

Memory: 4k page, system-wide physical 16248M (1213M free)
TotalPageFile size 29550M (AvailPageFile size 193M)
current process WorkingSet (physical memory assigned to process): 10M, peak: 10M
current process commit charge ("private bytes"): 60M, peak: 314M

vm_info: OpenJDK 64-Bit Server VM (14.0.2+12-46) for windows-amd64 JRE (14.0.2+12-46), built on Jul  9 2020 00:31:16 by "mach5one" with MS VC++ 15.9 (VS2017)

END.
